<?xml version="1.0" encoding="UTF-8"?>
<!-- Generated by org.testng.reporters.JUnitReportReporter -->
<testsuite skipped="0" hostname="ind496" name="com.selenium.testcases.LoginTest" tests="1" failures="0" timestamp="26 Dec 2017 10:45:45 GMT" time="4.516" errors="0">
  <testcase name="loginTest" time="4.516" classname="com.selenium.testcases.LoginTest"/>
</testsuite> <!-- com.selenium.testcases.LoginTest -->
