<?xml version="1.0" encoding="UTF-8"?>
<!-- Generated by org.testng.reporters.JUnitReportReporter -->
<testsuite skipped="0" hostname="ind496" name="com.selenium.testcases.ProfileTest" tests="1" failures="0" timestamp="26 Dec 2017 10:45:45 GMT" time="11.685" errors="0">
  <testcase name="profileTest" time="11.685" classname="com.selenium.testcases.ProfileTest"/>
</testsuite> <!-- com.selenium.testcases.ProfileTest -->
